2021-12-22 19:16:26   Arguments: Namespace(train_batch_size=4, infer_batch_size=16, margin=0.1, epochs_num=50, patience=3, lr=1e-05, cache_refresh_rate=1000, queries_per_epoch=5000, negs_num_per_query=10, neg_samples_num=1000, seed=0, device='cuda', num_workers=8, val_positive_dist_threshold=25, train_positives_dist_threshold=10, recall_values=[1, 5, 10, 20], datasets_folder='/home/foxtrot/Datasets', exp_name='default', layer='avg', output_folder='runs/default/2021-12-22_19-16-26')
2021-12-22 19:16:26   The outputs are being saved in runs/default/2021-12-22_19-16-26
2021-12-22 19:16:26   Using 1 GPUs and 8 CPUs
2021-12-22 19:16:26   Loading dataset Pitts30k from folder /home/foxtrot/Datasets
2021-12-22 19:16:27   There are 96 queries without any positives within the training set. They won't be considered as they're useless for training.
2021-12-22 19:16:27   Train query set: < TripletsDataset, pitts30k - #database: 10000; #queries: 7320 >
2021-12-22 19:16:27   Val set: < BaseDataset, pitts30k - #database: 10000; #queries: 7608 >
2021-12-22 19:16:28   Test set: < BaseDataset, pitts30k - #database: 10000; #queries: 6816 >
2021-12-22 19:16:28   Train only conv4 of the ResNet-18 (remove conv5), freeze the previous ones
2021-12-22 19:16:31   Output dimension of the model is 256
2021-12-22 19:16:31   Start training epoch: 00
2021-12-22 19:16:31   Cache: 0 / 5
2021-12-22 19:17:35   Got an unexpected reply get_pdb_settings, id:1211509dbafc43cfb5d9c6ce4e1f4793
2021-12-22 19:17:35   Got an unexpected reply get_pdb_settings, id:d90050c92ca940be94f13325945f70fb
2021-12-22 19:17:35   Got an unexpected reply get_pdb_settings, id:f13271b5aca247a5b8858648f5807af1
2021-12-22 19:17:35   Got an unexpected reply get_pdb_settings, id:e268a52034c04a518d6de6d228c07a78
2021-12-22 19:17:35   Got an unexpected reply get_pdb_settings, id:30cec3b5667447a19fa56641e9b13bbb
2021-12-22 19:17:35   Got an unexpected reply get_pdb_settings, id:efefb9ab3621468488d5790470ee1f4e
2021-12-22 19:17:35   Got an unexpected reply get_pdb_settings, id:d3023f38028b43eaa4c2cb38cff8f3b6
2021-12-22 19:17:35   Got an unexpected reply get_pdb_settings, id:f6b070e5449f4c67bf78cc9a1d8f11f1
