2021-12-22 19:12:42   Arguments: Namespace(train_batch_size=4, infer_batch_size=16, margin=0.1, epochs_num=50, patience=3, lr=1e-05, cache_refresh_rate=1000, queries_per_epoch=5000, negs_num_per_query=10, neg_samples_num=1000, seed=0, device='cuda', num_workers=8, val_positive_dist_threshold=25, train_positives_dist_threshold=10, recall_values=[1, 5, 10, 20], datasets_folder='/home/foxtrot/Datasets', exp_name='default', layer='avg', output_folder='runs/default/2021-12-22_19-12-42')
2021-12-22 19:12:42   The outputs are being saved in runs/default/2021-12-22_19-12-42
2021-12-22 19:12:43   Using 1 GPUs and 8 CPUs
2021-12-22 19:12:43   Loading dataset Pitts30k from folder /home/foxtrot/Datasets
2021-12-22 19:12:44   There are 96 queries without any positives within the training set. They won't be considered as they're useless for training.
2021-12-22 19:12:44   Train query set: < TripletsDataset, pitts30k - #database: 10000; #queries: 7320 >
2021-12-22 19:12:44   Val set: < BaseDataset, pitts30k - #database: 10000; #queries: 7608 >
2021-12-22 19:12:45   Test set: < BaseDataset, pitts30k - #database: 10000; #queries: 6816 >
2021-12-22 19:12:45   Train only conv4 of the ResNet-18 (remove conv5), freeze the previous ones
2021-12-22 19:12:49   Output dimension of the model is 256
2021-12-22 19:12:49   Start training epoch: 00
2021-12-22 19:12:49   Cache: 0 / 5
2021-12-22 19:13:51   Got an unexpected reply get_pdb_settings, id:8c55e6e19f2c49c7b0c20a2f64e90401
2021-12-22 19:13:51   Got an unexpected reply get_pdb_settings, id:5444a92b99414ffd80dfc190939008fb
2021-12-22 19:13:51   Got an unexpected reply get_pdb_settings, id:3b33373eb80d4aeeaf6de4d31479cb82
2021-12-22 19:13:51   Got an unexpected reply get_pdb_settings, id:a3ea827d0df94ce89486df296f8db62c
2021-12-22 19:13:51   Got an unexpected reply get_pdb_settings, id:20461953bfcc459b8b08838255095b38
2021-12-22 19:13:51   Got an unexpected reply get_pdb_settings, id:4d87ce1a5bdf4d7fb476d6a9af3fae76
2021-12-22 19:13:51   Got an unexpected reply get_pdb_settings, id:458e849261b046ffb4eba4aba9f4d025
2021-12-22 19:13:51   Got an unexpected reply get_pdb_settings, id:3fc3214d78d644b2913e2535a680a5fd
