2021-12-22 19:19:06   Arguments: Namespace(train_batch_size=4, infer_batch_size=16, margin=0.1, epochs_num=50, patience=3, lr=1e-05, cache_refresh_rate=1000, queries_per_epoch=5000, negs_num_per_query=10, neg_samples_num=1000, seed=0, device='cuda', num_workers=8, val_positive_dist_threshold=25, train_positives_dist_threshold=10, recall_values=[1, 5, 10, 20], datasets_folder='/home/foxtrot/Datasets', exp_name='default', layer='avg', output_folder='runs/default/2021-12-22_19-19-06')
2021-12-22 19:19:06   The outputs are being saved in runs/default/2021-12-22_19-19-06
2021-12-22 19:19:06   Using 1 GPUs and 8 CPUs
2021-12-22 19:19:06   Loading dataset Pitts30k from folder /home/foxtrot/Datasets
2021-12-22 19:19:07   There are 96 queries without any positives within the training set. They won't be considered as they're useless for training.
2021-12-22 19:19:07   Train query set: < TripletsDataset, pitts30k - #database: 10000; #queries: 7320 >
2021-12-22 19:19:08   Val set: < BaseDataset, pitts30k - #database: 10000; #queries: 7608 >
2021-12-22 19:19:08   Test set: < BaseDataset, pitts30k - #database: 10000; #queries: 6816 >
2021-12-22 19:19:08   Train only conv4 of the ResNet-18 (remove conv5), freeze the previous ones
2021-12-22 19:19:12   Output dimension of the model is 256
2021-12-22 19:19:12   Start training epoch: 00
2021-12-22 19:19:12   Cache: 0 / 5
2021-12-22 19:21:45   Got an unexpected reply get_pdb_settings, id:aeaba6552ae84c5aaf74b39a427ee0b3
2021-12-22 19:21:45   Got an unexpected reply get_pdb_settings, id:58015fcd62ff45dcb295e9f451e90fcd
2021-12-22 19:21:45   Got an unexpected reply get_pdb_settings, id:ca04e8bd9d8d4090b86168e3b5bba93a
2021-12-22 19:21:45   Got an unexpected reply get_pdb_settings, id:e4fef13138e04c588658b62eb68bcbae
2021-12-22 19:21:45   Got an unexpected reply get_pdb_settings, id:723eeb65b93b4b15be494d9ab5e4fe7d
2021-12-22 19:21:45   Got an unexpected reply get_pdb_settings, id:b16979380070444389f3ca5ddef84782
2021-12-22 19:21:45   Got an unexpected reply get_pdb_settings, id:5fc567b2cb404d4fab9699bd973692c7
2021-12-22 19:21:45   Got an unexpected reply get_pdb_settings, id:da773a6d7b104c7784c7c4430fd7ca34
